<?xml version="1.0" encoding="UTF-8"?>
<!-- Generated by org.testng.reporters.JUnitReportReporter -->
<testsuite hostname="LFR025169" name="DispacitoExtraction.Dispacito" tests="1" failures="0" timestamp="31 Oct 2019 10:01:50 GMT" time="16.344" errors="0">
  <testcase name="getDataForDispacito" time="16.344" classname="DispacitoExtraction.Dispacito"/>
</testsuite> <!-- DispacitoExtraction.Dispacito -->
